info: Connected to the database. {"timestamp":"2023-05-18T03:41:17.061Z"}
info: Server started at http://localhost:3010/api/v1/ {"timestamp":"2023-05-18T03:41:38.249Z"}
info: Connected to the database. {"timestamp":"2023-05-18T03:41:40.487Z"}
info: Server started at http://localhost:3010/api/v1/ {"timestamp":"2023-05-18T03:42:01.053Z"}
info: Connected to the database. {"timestamp":"2023-05-18T03:42:03.304Z"}
info: Server started at http://localhost:3010/api/v1/ {"timestamp":"2023-05-18T06:07:47.295Z"}
info: Connected to the database. {"timestamp":"2023-05-18T06:07:49.838Z"}
info: Server started at http://localhost:3010/api/v1/ {"timestamp":"2023-05-18T07:12:52.558Z"}
info: Connected to the database. {"timestamp":"2023-05-18T07:12:55.912Z"}
info: Server started at http://localhost:3010/api/v1/ {"timestamp":"2023-05-18T07:19:04.021Z"}
info: Connected to the database. {"timestamp":"2023-05-18T07:19:06.460Z"}
info: Server started at http://localhost:3010/api/v1/ {"timestamp":"2023-05-18T07:19:59.424Z"}
info: Connected to the database. {"timestamp":"2023-05-18T07:20:01.580Z"}
info: Server started at http://localhost:3010/api/v1/ {"timestamp":"2023-05-18T07:21:30.322Z"}
info: Connected to the database. {"timestamp":"2023-05-18T07:21:32.647Z"}
info: Server started at http://localhost:3010/api/v1/ {"timestamp":"2023-05-18T07:21:52.968Z"}
info: Connected to the database. {"timestamp":"2023-05-18T07:21:55.201Z"}
info: Server started at http://localhost:3010/api/v1/ {"timestamp":"2023-05-18T07:23:13.203Z"}
info: Connected to the database. {"timestamp":"2023-05-18T07:23:15.558Z"}
info: Server started at http://localhost:3010/api/v1/ {"timestamp":"2023-05-18T07:23:41.994Z"}
info: Connected to the database. {"timestamp":"2023-05-18T07:23:44.255Z"}
info: Server started at http://localhost:3010/api/v1/ {"timestamp":"2023-05-18T07:27:13.763Z"}
info: Connected to the database. {"timestamp":"2023-05-18T07:27:16.087Z"}
info: Server started at http://localhost:3010/api/v1/ {"timestamp":"2023-05-18T07:29:12.327Z"}
info: Connected to the database. {"timestamp":"2023-05-18T07:29:14.745Z"}
info: Server started at http://localhost:3010/api/v1/ {"timestamp":"2023-05-18T07:30:04.297Z"}
info: Connected to the database. {"timestamp":"2023-05-18T07:30:06.579Z"}
info: Server started at http://localhost:3010/api/v1/ {"timestamp":"2023-05-18T07:30:58.442Z"}
info: Connected to the database. {"timestamp":"2023-05-18T07:31:00.724Z"}
info: Server started at http://localhost:3010/api/v1/ {"timestamp":"2023-05-18T07:31:49.246Z"}
info: Connected to the database. {"timestamp":"2023-05-18T07:31:51.519Z"}
info: Server started at http://localhost:3010/api/v1/ {"timestamp":"2023-05-18T07:33:03.469Z"}
info: Connected to the database. {"timestamp":"2023-05-18T07:33:05.965Z"}
info: Server started at http://localhost:3010/api/v1/ {"timestamp":"2023-05-18T07:33:59.086Z"}
info: Connected to the database. {"timestamp":"2023-05-18T07:34:01.296Z"}
info: Server started at http://localhost:3010/api/v1/ {"timestamp":"2023-05-18T07:34:59.242Z"}
info: Connected to the database. {"timestamp":"2023-05-18T07:35:01.705Z"}
info: Server started at http://localhost:3010/api/v1/ {"timestamp":"2023-05-18T07:35:59.004Z"}
info: Connected to the database. {"timestamp":"2023-05-18T07:36:01.315Z"}
info: Server started at http://localhost:3010/api/v1/ {"timestamp":"2023-05-18T07:36:57.327Z"}
info: Connected to the database. {"timestamp":"2023-05-18T07:36:59.754Z"}
info: Server started at http://localhost:3010/api/v1/ {"timestamp":"2023-05-18T07:38:15.597Z"}
info: Connected to the database. {"timestamp":"2023-05-18T07:38:17.872Z"}
info: Server started at http://localhost:3010/api/v1/ {"timestamp":"2023-05-18T08:05:02.279Z"}
info: Connected to the database. {"timestamp":"2023-05-18T08:05:04.668Z"}
info: Server started at http://localhost:3010/api/v1/ {"timestamp":"2023-05-18T08:06:41.447Z"}
info: Connected to the database. {"timestamp":"2023-05-18T08:06:43.725Z"}
info: Server started at http://localhost:3010/api/v1/ {"timestamp":"2023-05-18T08:08:25.566Z"}
info: Connected to the database. {"timestamp":"2023-05-18T08:08:29.008Z"}
info: Server started at http://localhost:3010/api/v1/ {"timestamp":"2023-05-18T08:09:13.719Z"}
info: Connected to the database. {"timestamp":"2023-05-18T08:09:15.903Z"}
info: Server started at http://localhost:3010/api/v1/ {"timestamp":"2023-05-18T08:11:04.674Z"}
info: Connected to the database. {"timestamp":"2023-05-18T08:11:07.062Z"}
info: Server started at http://localhost:3010/api/v1/ {"timestamp":"2023-05-18T08:11:43.691Z"}
info: Connected to the database. {"timestamp":"2023-05-18T08:11:45.992Z"}
info: Server started at http://localhost:3010/api/v1/ {"timestamp":"2023-05-18T08:12:08.052Z"}
info: Connected to the database. {"timestamp":"2023-05-18T08:12:10.300Z"}
info: Server started at http://localhost:3010/api/v1/ {"timestamp":"2023-05-18T08:12:34.970Z"}
info: Connected to the database. {"timestamp":"2023-05-18T08:12:37.302Z"}
info: Server started at http://localhost:3010/api/v1/ {"timestamp":"2023-05-18T08:12:56.252Z"}
info: Connected to the database. {"timestamp":"2023-05-18T08:12:58.440Z"}
info: Server started at http://localhost:3010/api/v1/ {"timestamp":"2023-05-18T08:19:52.174Z"}
info: Connected to the database. {"timestamp":"2023-05-18T08:19:54.493Z"}
info: Server started at http://localhost:3010/api/v1/ {"timestamp":"2023-05-18T08:20:50.066Z"}
info: Connected to the database. {"timestamp":"2023-05-18T08:20:52.360Z"}
info: Server started at http://localhost:3010/api/v1/ {"timestamp":"2023-05-18T08:23:09.386Z"}
info: Connected to the database. {"timestamp":"2023-05-18T08:23:12.241Z"}
info: Server started at http://localhost:3010/api/v1/ {"timestamp":"2023-05-18T08:24:00.258Z"}
info: Connected to the database. {"timestamp":"2023-05-18T08:24:03.016Z"}
info: Server started at http://localhost:3010/api/v1/ {"timestamp":"2023-05-18T08:24:24.932Z"}
info: Connected to the database. {"timestamp":"2023-05-18T08:24:28.010Z"}
info: Server started at http://localhost:3010/api/v1/ {"timestamp":"2023-05-18T08:25:00.889Z"}
info: Server started at http://localhost:3010/api/v1/ {"timestamp":"2023-05-18T08:25:06.220Z"}
info: Connected to the database. {"timestamp":"2023-05-18T08:25:09.033Z"}
info: Server started at http://localhost:3010/api/v1/ {"timestamp":"2023-05-18T08:28:41.683Z"}
info: Connected to the database. {"timestamp":"2023-05-18T08:28:44.516Z"}
info: Server started at http://localhost:3010/api/v1/ {"timestamp":"2023-05-18T08:29:08.248Z"}
info: Connected to the database. {"timestamp":"2023-05-18T08:29:10.939Z"}
info: Server started at http://localhost:3010/api/v1/ {"timestamp":"2023-05-18T08:29:51.322Z"}
info: Connected to the database. {"timestamp":"2023-05-18T08:29:54.255Z"}
info: Server started at http://localhost:3010/api/v1/ {"timestamp":"2023-05-18T08:30:30.687Z"}
info: Connected to the database. {"timestamp":"2023-05-18T08:30:33.475Z"}
info: Server started at http://localhost:3010/api/v1/ {"timestamp":"2023-05-18T08:30:54.388Z"}
info: Connected to the database. {"timestamp":"2023-05-18T08:30:57.332Z"}
info: Server started at http://localhost:3010/api/v1/ {"timestamp":"2023-05-18T08:32:36.255Z"}
info: Connected to the database. {"timestamp":"2023-05-18T08:32:39.222Z"}
info: Server started at http://localhost:3010/api/v1/ {"timestamp":"2023-05-18T08:34:02.119Z"}
info: Connected to the database. {"timestamp":"2023-05-18T08:34:05.235Z"}
info: Server started at http://localhost:3010/api/v1/ {"timestamp":"2023-05-18T08:34:21.582Z"}
info: Connected to the database. {"timestamp":"2023-05-18T08:34:24.487Z"}
info: Server started at http://localhost:3010/api/v1/ {"timestamp":"2023-05-18T08:35:37.489Z"}
info: Connected to the database. {"timestamp":"2023-05-18T08:35:40.667Z"}
info: Server started at http://localhost:3010/api/v1/ {"timestamp":"2023-05-18T08:36:06.622Z"}
info: Connected to the database. {"timestamp":"2023-05-18T08:36:09.347Z"}
info: Server started at http://localhost:3010/api/v1/ {"timestamp":"2023-05-18T08:36:27.204Z"}
info: Connected to the database. {"timestamp":"2023-05-18T08:36:30.240Z"}
info: Server started at http://localhost:3010/api/v1/ {"timestamp":"2023-05-18T08:36:50.574Z"}
info: Connected to the database. {"timestamp":"2023-05-18T08:36:53.482Z"}
info: Server started at http://localhost:3010/api/v1/ {"timestamp":"2023-05-18T08:37:41.302Z"}
info: Connected to the database. {"timestamp":"2023-05-18T08:37:44.482Z"}
error: 
    status - 500 
    message - Error: Invalid Password
    at _callee3$ (D:\Project\Backend\src\services\/user.service.js:46:9)
    at tryCatch (D:\Project\Backend\node_modules\@babel\runtime\helpers\regeneratorRuntime.js:44:17)
    at Generator.<anonymous> (D:\Project\Backend\node_modules\@babel\runtime\helpers\regeneratorRuntime.js:125:22)
    at Generator.next (D:\Project\Backend\node_modules\@babel\runtime\helpers\regeneratorRuntime.js:69:21)
    at asyncGeneratorStep (D:\Project\Backend\node_modules\@babel\runtime\helpers\asyncToGenerator.js:3:24)
    at _next (D:\Project\Backend\node_modules\@babel\runtime\helpers\asyncToGenerator.js:22:9) 
    url - /api/v1/users/login 
    method - POST 
    IP - ::1
   {"timestamp":"2023-05-18T08:37:45.157Z"}
info: Server started at http://localhost:3010/api/v1/ {"timestamp":"2023-05-18T08:38:12.193Z"}
info: Connected to the database. {"timestamp":"2023-05-18T08:38:15.093Z"}
info: Server started at http://localhost:3010/api/v1/ {"timestamp":"2023-05-18T08:39:17.389Z"}
info: Connected to the database. {"timestamp":"2023-05-18T08:39:20.230Z"}
info: Server started at http://localhost:3010/api/v1/ {"timestamp":"2023-05-18T08:40:09.966Z"}
info: Connected to the database. {"timestamp":"2023-05-18T08:40:12.550Z"}
info: Server started at http://localhost:3010/api/v1/ {"timestamp":"2023-05-18T08:41:10.875Z"}
info: Connected to the database. {"timestamp":"2023-05-18T08:41:13.682Z"}
info: Server started at http://localhost:3010/api/v1/ {"timestamp":"2023-05-18T08:41:28.228Z"}
info: Connected to the database. {"timestamp":"2023-05-18T08:41:31.028Z"}
info: Server started at http://localhost:3010/api/v1/ {"timestamp":"2023-05-18T08:41:57.537Z"}
info: Connected to the database. {"timestamp":"2023-05-18T08:42:00.357Z"}
info: Server started at http://localhost:3010/api/v1/ {"timestamp":"2023-05-18T08:42:19.983Z"}
info: Connected to the database. {"timestamp":"2023-05-18T08:42:23.009Z"}
error: 
    status - 500 
    message - TypeError: Cannot read properties of undefined (reading 'status')
    at _callee3$ (D:\Project\Backend\src\services\/user.service.js:50:7)
    at tryCatch (D:\Project\Backend\node_modules\@babel\runtime\helpers\regeneratorRuntime.js:44:17)
    at Generator.<anonymous> (D:\Project\Backend\node_modules\@babel\runtime\helpers\regeneratorRuntime.js:125:22)
    at Generator.next (D:\Project\Backend\node_modules\@babel\runtime\helpers\regeneratorRuntime.js:69:21)
    at asyncGeneratorStep (D:\Project\Backend\node_modules\@babel\runtime\helpers\asyncToGenerator.js:3:24)
    at _next (D:\Project\Backend\node_modules\@babel\runtime\helpers\asyncToGenerator.js:22:9) 
    url - /api/v1/users/login 
    method - POST 
    IP - ::1
   {"timestamp":"2023-05-18T08:42:23.588Z"}
info: Server started at http://localhost:3010/api/v1/ {"timestamp":"2023-05-18T08:43:01.522Z"}
info: Connected to the database. {"timestamp":"2023-05-18T08:43:04.376Z"}
error: 
    status - 500 
    message - ReferenceError: next is not defined
    at _callee3$ (D:\Project\Backend\src\services\/user.service.js:54:3)
    at tryCatch (D:\Project\Backend\node_modules\@babel\runtime\helpers\regeneratorRuntime.js:44:17)
    at Generator.<anonymous> (D:\Project\Backend\node_modules\@babel\runtime\helpers\regeneratorRuntime.js:125:22)
    at Generator.next (D:\Project\Backend\node_modules\@babel\runtime\helpers\regeneratorRuntime.js:69:21)
    at asyncGeneratorStep (D:\Project\Backend\node_modules\@babel\runtime\helpers\asyncToGenerator.js:3:24)
    at _next (D:\Project\Backend\node_modules\@babel\runtime\helpers\asyncToGenerator.js:22:9) 
    url - /api/v1/users/login 
    method - POST 
    IP - ::1
   {"timestamp":"2023-05-18T08:43:16.429Z"}
info: Server started at http://localhost:3010/api/v1/ {"timestamp":"2023-05-18T08:43:53.338Z"}
info: Connected to the database. {"timestamp":"2023-05-18T08:43:56.197Z"}
error: 
    status - 500 
    message - Error: Cannot set headers after they are sent to the client
    at new NodeError (node:internal/errors:399:5)
    at ServerResponse.setHeader (node:_http_outgoing:645:11)
    at ServerResponse.header (D:\Project\Backend\node_modules\express\lib\response.js:794:10)
    at ServerResponse.send (D:\Project\Backend\node_modules\express\lib\response.js:174:12)
    at ServerResponse.json (D:\Project\Backend\node_modules\express\lib\response.js:278:15)
    at _callee4$ (D:\Project\Backend\src\controllers\/user.controller.js:50:31)
    at tryCatch (D:\Project\Backend\node_modules\@babel\runtime\helpers\regeneratorRuntime.js:44:17)
    at Generator.<anonymous> (D:\Project\Backend\node_modules\@babel\runtime\helpers\regeneratorRuntime.js:125:22)
    at Generator.next (D:\Project\Backend\node_modules\@babel\runtime\helpers\regeneratorRuntime.js:69:21)
    at asyncGeneratorStep (D:\Project\Backend\node_modules\@babel\runtime\helpers\asyncToGenerator.js:3:24)
    at _next (D:\Project\Backend\node_modules\@babel\runtime\helpers\asyncToGenerator.js:22:9) 
    url - /api/v1/users/login 
    method - POST 
    IP - ::1
   {"timestamp":"2023-05-18T08:43:59.543Z"}
info: Server started at http://localhost:3010/api/v1/ {"timestamp":"2023-05-18T08:44:33.511Z"}
info: Connected to the database. {"timestamp":"2023-05-18T08:44:36.335Z"}
info: Server started at http://localhost:3010/api/v1/ {"timestamp":"2023-05-18T08:44:49.836Z"}
info: Connected to the database. {"timestamp":"2023-05-18T08:44:52.597Z"}
info: Server started at http://localhost:3010/api/v1/ {"timestamp":"2023-05-18T08:47:18.686Z"}
info: Connected to the database. {"timestamp":"2023-05-18T08:47:21.508Z"}
info: Server started at http://localhost:3010/api/v1/ {"timestamp":"2023-05-18T08:47:53.934Z"}
info: Connected to the database. {"timestamp":"2023-05-18T08:47:56.734Z"}
info: Server started at http://localhost:3010/api/v1/ {"timestamp":"2023-05-18T08:48:19.844Z"}
info: Connected to the database. {"timestamp":"2023-05-18T08:48:22.711Z"}
info: Server started at http://localhost:3010/api/v1/ {"timestamp":"2023-05-18T08:49:22.385Z"}
info: Connected to the database. {"timestamp":"2023-05-18T08:49:25.308Z"}
info: Server started at http://localhost:3010/api/v1/ {"timestamp":"2023-05-18T08:56:30.814Z"}
info: Connected to the database. {"timestamp":"2023-05-18T08:56:35.504Z"}
info: Server started at http://localhost:3010/api/v1/ {"timestamp":"2023-05-18T08:57:06.558Z"}
info: Connected to the database. {"timestamp":"2023-05-18T08:57:14.616Z"}
info: Server started at http://localhost:3010/api/v1/ {"timestamp":"2023-05-18T09:02:44.210Z"}
info: Connected to the database. {"timestamp":"2023-05-18T09:02:47.214Z"}
info: Server started at http://localhost:3010/api/v1/ {"timestamp":"2023-05-18T09:04:31.999Z"}
info: Connected to the database. {"timestamp":"2023-05-18T09:04:34.944Z"}
info: Server started at http://localhost:3010/api/v1/ {"timestamp":"2023-05-18T09:07:48.567Z"}
info: Connected to the database. {"timestamp":"2023-05-18T09:07:51.553Z"}
info: Server started at http://localhost:3010/api/v1/ {"timestamp":"2023-05-18T09:09:08.035Z"}
info: Connected to the database. {"timestamp":"2023-05-18T09:09:11.137Z"}
info: Server started at http://localhost:3010/api/v1/ {"timestamp":"2023-05-18T09:46:18.036Z"}
info: Connected to the database. {"timestamp":"2023-05-18T09:46:21.018Z"}
info: Server started at http://localhost:3010/api/v1/ {"timestamp":"2023-05-18T11:48:31.963Z"}
info: Connected to the database. {"timestamp":"2023-05-18T11:48:34.305Z"}
info: Server started at http://localhost:3010/api/v1/ {"timestamp":"2023-05-18T11:50:13.511Z"}
info: Connected to the database. {"timestamp":"2023-05-18T11:50:15.894Z"}
info: Server started at http://localhost:3010/api/v1/ {"timestamp":"2023-05-18T11:58:36.835Z"}
info: Connected to the database. {"timestamp":"2023-05-18T11:58:39.788Z"}
